<?xml version="1.0" encoding="UTF-8"?>
<!-- Generated by org.testng.reporters.JUnitReportReporter -->
<testsuite hostname="QSPWakad" failures="0" tests="1" name="LearningTestNg.LearningAnnotation" time="0.494" errors="0" timestamp="19 Apr 2024 09:18:37 GMT" skipped="0">
  <testcase classname="LearningTestNg.LearningAnnotation" name="validLogin" time="0.494"/>
</testsuite> <!-- LearningTestNg.LearningAnnotation -->
