<?xml version="1.0" encoding="UTF-8"?>
<!-- Generated by org.testng.reporters.JUnitReportReporter -->
<testsuite hostname="QSPWakad" failures="0" tests="13" name="LearningTestNg.FirstTestNGClass" time="0.062" errors="0" timestamp="18 Apr 2024 09:56:43 GMT" skipped="1">
  <testcase classname="LearningTestNg.FirstTestNGClass" name="logoutTestScript" time="0.019"/>
  <testcase classname="LearningTestNg.FirstTestNGClass" name="addToCartTestScript" time="0.003"/>
  <testcase classname="LearningTestNg.FirstTestNGClass" name="registerTestScript" time="0.004"/>
  <testcase classname="LearningTestNg.FirstTestNGClass" name="registerTestScript" time="0.003"/>
  <testcase classname="LearningTestNg.FirstTestNGClass" name="registerTestScript" time="0.004"/>
  <testcase classname="LearningTestNg.FirstTestNGClass" name="registerTestScript" time="0.008"/>
  <testcase classname="LearningTestNg.FirstTestNGClass" name="registerTestScript" time="0.003"/>
  <testcase classname="LearningTestNg.FirstTestNGClass" name="registerTestScript" time="0.006"/>
  <testcase classname="LearningTestNg.FirstTestNGClass" name="registerTestScript" time="0.002"/>
  <testcase classname="LearningTestNg.FirstTestNGClass" name="registerTestScript" time="0.003"/>
  <testcase classname="LearningTestNg.FirstTestNGClass" name="registerTestScript" time="0.005"/>
  <testcase classname="LearningTestNg.FirstTestNGClass" name="registerTestScript" time="0.002"/>
  <testcase classname="LearningTestNg.FirstTestNGClass" name="loginTestScript">
    <skipped/>
  </testcase> <!-- loginTestScript -->
</testsuite> <!-- LearningTestNg.FirstTestNGClass -->
