<?xml version="1.0" encoding="UTF-8"?>
<!-- Generated by org.testng.reporters.JUnitReportReporter -->
<testsuite hostname="QSPWakad" failures="0" tests="2" name="LearningTestNg.ConfigurationAnnotation" time="0.010" errors="0" timestamp="23 Apr 2024 08:51:16 GMT" skipped="0">
  <testcase classname="LearningTestNg.ConfigurationAnnotation" name="testScript1" time="0.007"/>
  <testcase classname="LearningTestNg.ConfigurationAnnotation" name="testScript2" time="0.003"/>
</testsuite> <!-- LearningTestNg.ConfigurationAnnotation -->
