<?xml version="1.0" encoding="UTF-8"?>
<!-- Generated by org.testng.reporters.JUnitReportReporter -->
<testsuite hostname="QSPWakad" failures="0" tests="1" name="BatchExecution.ZomatoTestScript" time="17.898" errors="0" timestamp="18 Apr 2024 10:21:05 GMT" skipped="0">
  <testcase classname="BatchExecution.ZomatoTestScript" name="testScript4" time="17.898"/>
</testsuite> <!-- BatchExecution.ZomatoTestScript -->
