<?xml version="1.0" encoding="UTF-8"?>
<!-- Generated by org.testng.reporters.JUnitReportReporter -->
<testsuite hostname="QSPWakad" failures="0" tests="2" name="LearningTestNg.ConfigurationAnnotation" time="0.012" errors="0" timestamp="19 Apr 2024 09:12:21 GMT" skipped="0">
  <testcase classname="LearningTestNg.ConfigurationAnnotation" name="testScript1" time="0.008"/>
  <testcase classname="LearningTestNg.ConfigurationAnnotation" name="testScript2" time="0.004"/>
</testsuite> <!-- LearningTestNg.ConfigurationAnnotation -->
