<?xml version="1.0" encoding="UTF-8"?>
<!-- Generated by org.testng.reporters.JUnitReportReporter -->
<testsuite hostname="QSPWakad" failures="0" tests="2" name="LearningTestNg.WorkingWithDependsOnAttribute" time="0.033" errors="0" timestamp="19 Apr 2024 08:57:37 GMT" skipped="0">
  <testcase classname="LearningTestNg.WorkingWithDependsOnAttribute" name="login" time="0.004"/>
  <testcase classname="LearningTestNg.WorkingWithDependsOnAttribute" name="register" time="0.029"/>
</testsuite> <!-- LearningTestNg.WorkingWithDependsOnAttribute -->
