<?xml version="1.0" encoding="UTF-8"?>
<!-- Generated by org.testng.reporters.JUnitReportReporter -->
<testsuite hostname="QSPWakad" failures="0" tests="1" name="TestScript.CreateUserTest" time="2.717" errors="0" timestamp="24 Apr 2024 08:51:44 GMT" skipped="0">
  <testcase classname="TestScript.CreateUserTest" name="createUser" time="2.717"/>
</testsuite> <!-- TestScript.CreateUserTest -->
