<?xml version="1.0" encoding="UTF-8"?>
<!-- Generated by org.testng.reporters.JUnitReportReporter -->
<testsuite hostname="QSPWakad" failures="0" tests="1" name="TestScript.CreateUserTest" time="4.963" errors="0" timestamp="22 Apr 2024 09:58:22 GMT" skipped="0">
  <testcase classname="TestScript.CreateUserTest" name="createUser" time="4.963"/>
</testsuite> <!-- TestScript.CreateUserTest -->
