<?xml version="1.0" encoding="UTF-8"?>
<!-- Generated by org.testng.reporters.JUnitReportReporter -->
<testsuite hostname="QSPWakad" failures="0" tests="1" name="TestScript.ValidLoginTest" time="0.415" errors="0" timestamp="24 Apr 2024 08:51:44 GMT" skipped="0">
  <testcase classname="TestScript.ValidLoginTest" name="login" time="0.415"/>
</testsuite> <!-- TestScript.ValidLoginTest -->
