<?xml version="1.0" encoding="UTF-8"?>
<!-- Generated by org.testng.reporters.JUnitReportReporter -->
<testsuite hostname="QSPWakad" failures="0" tests="1" name="TestScript.CreateCustomerAndProjectTest" time="5.465" errors="0" timestamp="22 Apr 2024 09:58:22 GMT" skipped="0">
  <testcase classname="TestScript.CreateCustomerAndProjectTest" name="createProjectAndCustomer" time="5.465"/>
</testsuite> <!-- TestScript.CreateCustomerAndProjectTest -->
