<?xml version="1.0" encoding="UTF-8"?>
<!-- Generated by org.testng.reporters.JUnitReportReporter -->
<testsuite hostname="QSPWakad" failures="0" tests="1" name="TestScript.InValidLogin" time="3.204" errors="0" timestamp="20 Apr 2024 09:26:01 GMT" skipped="0">
  <testcase classname="TestScript.InValidLogin" name="inValidLogin" time="3.204"/>
</testsuite> <!-- TestScript.InValidLogin -->
