<?xml version="1.0" encoding="UTF-8"?>
<!-- Generated by org.testng.reporters.JUnitReportReporter -->
<testsuite hostname="QSPWakad" failures="0" tests="1" name="TestScript.CreateUser" time="3.763" errors="0" timestamp="22 Apr 2024 09:11:01 GMT" skipped="0">
  <testcase classname="TestScript.CreateUser" name="createUser" time="3.763"/>
</testsuite> <!-- TestScript.CreateUser -->
