<?xml version="1.0" encoding="UTF-8"?>
<!-- Generated by org.testng.reporters.JUnitReportReporter -->
<testsuite hostname="QSPWakad" failures="0" tests="1" name="TestScript.ValidLoginTest" time="1.768" errors="0" timestamp="22 Apr 2024 09:58:22 GMT" skipped="0">
  <testcase classname="TestScript.ValidLoginTest" name="login" time="1.768"/>
</testsuite> <!-- TestScript.ValidLoginTest -->
