<?xml version="1.0" encoding="UTF-8"?>
<!-- Generated by org.testng.reporters.JUnitReportReporter -->
<testsuite hostname="QSPWakad" failures="0" tests="1" name="TestScript.InValidLoginTest" time="3.185" errors="0" timestamp="24 Apr 2024 08:50:32 GMT" skipped="0">
  <testcase classname="TestScript.InValidLoginTest" name="inValidLogin" time="3.185"/>
</testsuite> <!-- TestScript.InValidLoginTest -->
