<?xml version="1.0" encoding="UTF-8"?>
<!-- Generated by org.testng.reporters.JUnitReportReporter -->
<testsuite hostname="QSPWakad" failures="0" tests="1" name="TestScript.CreateCustomerAndProjectTest" time="3.115" errors="0" timestamp="23 Apr 2024 09:22:41 GMT" skipped="0">
  <testcase classname="TestScript.CreateCustomerAndProjectTest" name="createProjectAndCustomer" time="3.115"/>
</testsuite> <!-- TestScript.CreateCustomerAndProjectTest -->
