<?xml version="1.0" encoding="UTF-8"?>
<!-- Generated by org.testng.reporters.JUnitReportReporter -->
<testsuite hostname="QSPWakad" failures="0" tests="6" name="DataProvider.WorkingWithDataProvider" time="24.102" errors="0" timestamp="24 Apr 2024 09:35:00 GMT" skipped="0">
  <testcase classname="DataProvider.WorkingWithDataProvider" name="login" time="3.853"/>
  <testcase classname="DataProvider.WorkingWithDataProvider" name="login" time="3.891"/>
  <testcase classname="DataProvider.WorkingWithDataProvider" name="login" time="3.963"/>
  <testcase classname="DataProvider.WorkingWithDataProvider" name="login" time="3.967"/>
  <testcase classname="DataProvider.WorkingWithDataProvider" name="login" time="3.989"/>
  <testcase classname="DataProvider.WorkingWithDataProvider" name="login" time="4.439"/>
</testsuite> <!-- DataProvider.WorkingWithDataProvider -->
