<?xml version="1.0" encoding="UTF-8"?>
<!-- Generated by org.testng.reporters.JUnitReportReporter -->
<testsuite hostname="QSPWakad" failures="0" tests="1" name="TestScript.DeleteAllProjectAndCustomers" time="2.111" errors="0" timestamp="24 Apr 2024 08:51:44 GMT" skipped="0">
  <testcase classname="TestScript.DeleteAllProjectAndCustomers" name="deleteAll" time="2.111"/>
</testsuite> <!-- TestScript.DeleteAllProjectAndCustomers -->
