<?xml version="1.0" encoding="UTF-8"?>
<!-- Generated by org.testng.reporters.JUnitReportReporter -->
<testsuite hostname="QSPWakad" failures="0" tests="1" name="TestScript.ValidLogin" time="1.143" errors="0" timestamp="20 Apr 2024 09:19:07 GMT" skipped="0">
  <testcase classname="TestScript.ValidLogin" name="login" time="1.143"/>
</testsuite> <!-- TestScript.ValidLogin -->
