<?xml version="1.0" encoding="UTF-8"?>
<!-- Generated by org.testng.reporters.JUnitReportReporter -->
<testsuite hostname="QSPWakad" failures="0" tests="1" name="TestScript.CreateCustomerAndProjectTest" time="3.872" errors="0" timestamp="24 Apr 2024 08:51:44 GMT" skipped="0">
  <testcase classname="TestScript.CreateCustomerAndProjectTest" name="createProjectAndCustomer" time="3.872"/>
</testsuite> <!-- TestScript.CreateCustomerAndProjectTest -->
